<?xml version="1.0" encoding="UTF-8"?>
<!-- Generated by org.testng.reporters.JUnitReportReporter -->
<testsuite skipped="0" hostname="RAJESH-PC" name="vtiger.tests.LoginTest" tests="4" failures="0" timestamp="27 Apr 2019 07:25:27 GMT" time="4.322" errors="0">
  <testcase name="verifyLoginTitleTC001" time="0.097" classname="vtiger.tests.LoginTest"/>
  <testcase name="verifyLoginlogoTC002" time="0.060" classname="vtiger.tests.LoginTest"/>
  <testcase name="verifyLoginInValid_TC03" time="0.962" classname="vtiger.tests.LoginTest"/>
  <testcase name="verifyLoginValid_TC04" time="3.203" classname="vtiger.tests.LoginTest"/>
</testsuite> <!-- vtiger.tests.LoginTest -->
